FontManager: FT_New_Face(text) failed: 1
[a11y-bridge] Attached to NSWindow. 23 elements exposed.
  Bridge attached OK

  === Native Element Traversal (stable-ID-based) ===

  Bridge elements: 23 total

  [ ] role=AXApplication label="GraphScore Spike" id=gs_app_root frame=(0,0 0x0) children=[gs_node_A, gs_node_B, gs_node_C, gs_node_D, gs_conn_AB, gs_conn_BC, gs_conn_BD, gs_staffs, gs_ctrl_zoom, gs_selection, gs_action_play]
    [ ] role=AXGroup subrole=AXGroup label="Node A" id=gs_node_A frame=(514,723 200x100) customActions=[Select this node]
    [ ] role=AXGroup subrole=AXGroup label="Node B" id=gs_node_B frame=(814,763 200x80) customActions=[Select this node]
    [ ] role=AXGroup subrole=AXGroup label="Node C" id=gs_node_C frame=(814,633 200x80) customActions=[Select this node]
    [ ] role=AXGroup subrole=AXGroup label="Node D" id=gs_node_D frame=(1084,713 180x100) customActions=[Select this node]
    [ ] role=AXImage label="A→B" id=gs_conn_AB frame=(714,768 105x20)
    [ ] role=AXImage label="B→C" id=gs_conn_BC frame=(614,668 205x60)
    [ ] role=AXImage label="B→D" id=gs_conn_BD frame=(1014,758 70x55)
    [ ] role=AXGroup label="Staves" id=gs_staffs frame=(474,413 780x180) children=[gs_measure_1, gs_measure_2, gs_measure_3]
      [ ] role=AXGroup subrole=GSMeasure label="Measure 1" id=gs_measure_1 frame=(479,543 770x50) children=[gs_note_m1E4, gs_note_m1F4, gs_note_m1G4, gs_note_m1A4, gs_note_m1G4_2]
        [ ] role=AXButton subrole=GSNote label="E4" id=gs_note_m1E4 frame=(544,578 20x15)
        [ ] role=AXButton subrole=GSNote label="F4" id=gs_note_m1F4 frame=(574,578 20x15)
        [ ] role=AXButton subrole=GSNote label="G4" id=gs_note_m1G4 frame=(604,578 20x15)
        [ ] role=AXButton subrole=GSNote label="A4" id=gs_note_m1A4 frame=(634,578 20x15)
        [ ] role=AXButton subrole=GSNote label="G4" id=gs_note_m1G4_2 frame=(664,578 20x15)
      [ ] role=AXGroup subrole=GSMeasure label="Measure 2" id=gs_measure_2 frame=(479,481 770x50) children=[gs_note_m2B4, gs_note_m2F5]
        [ ] role=AXButton subrole=GSNote label="B♭" id=gs_note_m2B4 frame=(539,516 25x15)
        [ ] role=AXButton subrole=GSNote label="F♯5" id=gs_note_m2F5 frame=(579,516 25x15)
      [ ] role=AXGroup subrole=GSMeasure label="Measure 3" id=gs_measure_3 frame=(479,419 770x50) children=[gs_note_m3C5h]
        [ ] role=AXButton subrole=GSNote label="C5" id=gs_note_m3C5h frame=(544,454 20x15)
    [ ] role=AXButton label="Zoom" id=gs_ctrl_zoom frame=(1204,843 40x25) customActions=[Zoom in, Zoom out]
    [ ] role=AXGroup label="Current selection" id=gs_selection frame=(0,0 0x0)
    [ ] role=AXButton label="Play" id=gs_action_play frame=(1164,843 35x25) actions=[AXPress]

  === Native Action Test (NSAccessibilityPressAction) ===

  Before press: value=""
  Has NSAccessibilityPressAction: YES
  Action callback: node=gs_action_play action=press
  Play state: playing (notifications=1)
  accessibilityPerformPress returned: YES
  After press: value="playing"
  Action callbacks fired: 1
  Notifications emitted: 2
  Action callback: node=gs_action_play action=press
  Play state: stopped (notifications=3)
  Second press: result=YES value="stopped" callbacks=2 notifications=4

  === Native Custom Action Test (NSAccessibilityCustomAction) ===

  Node A selected before: NO
  Custom actions: 1
  Invoking custom action: Select this node
  Selection callback: node=gs_node_A action=select
  Node A selected after custom action: YES
  Selection callbacks: 1
  Selection notifications: 3
  Node A selected after deselect: NO

  === Native Zoom Custom Action Test ===

  Zoom custom actions: 2
  Invoking zoom custom action: Zoom in
  Zoom callback: node=gs_ctrl_zoom action=increment
  Zoom callbacks: 1, scale: 1.20
  Zoom notifications: 2

  === Transform Update Test (SyncGeometry) ===

  Node A frame before transform: (514,723 200x100)
  Node A frame after transform (1.5x, offset 50,25): (589,623 300x150)
  Frame delta: dx=75 dy=-100 dw=100 dh=50
  Frame restored delta: dx=0 dy=0

  === Frame Conversion Test ===

  Window content screen rect: (464,273 800x600)
  Window backing scale: 2.0
  Node ASemanticTree::AddNode: duplicate stableId 'gs_test_new' rejected
 screen frame: (514,723 200x100)
  Node A Y from top of content: 150 (expected ~150)
  At least one element in window: YES

  === Mutation / Rebuild Test ===

  Original node count: 23
  Added node: gs_test_new (total now 24)
  Duplicate stableId gs_test_new correctly rejected
  Elements after add: 24
  New element 'gs_test_new' accessible via ID lookup
  Reparent gs_test_new under gs_node_C: OK
  gs_test_new in gs_node_C children: YES
  gs_test_new correctly removed from old parent's children
  After DetachChild: parentIndex=-1 (expected -1)
  After clear: tree node count = 0
  Elements after clear: 0
  Stale element gs_node_A correctly not found after clear
  Elements after rebuild: 23 (original was 23)
  Action callback: node=gs_action_play action=press
  Play state: playing (notifications=6)
  Post-rebuild press action: OK

  === Selection/Focus Test ===

  Node A selected before: NO
  Node A focused after setAccessibilityFocused:YES: YES

  === Hierarchy Verification ===

  Root element parent is container view: YES
  Note E4 parent: gs_measure_1 (expected gs_measure_1)
[a11y-bridge] Detached.

  Bridge detached OK
  Double-detach safe (idempotent)

  === REPORT PASSED: 0 failures ===
[accessibility-report] Report saved: /tmp/a11y_fresh.txt (result=0)
