command: cmake -S spikes/m0/engraving-engine -B spikes/m0/engraving-engine/build -G Ninja

-- The CXX compiler identification is AppleClang 17.0.0.17000013
-- Detecting CXX compiler ABI info
-- Detecting CXX compiler ABI info - done
-- Check for working CXX compiler: /usr/bin/c++ - skipped
-- Detecting CXX compile features
-- Detecting CXX compile features - done
-- The C compiler identification is AppleClang 17.0.0.17000013
-- Detecting C compiler ABI info
-- Detecting C compiler ABI info - done
-- Check for working C compiler: /usr/bin/cc - skipped
-- Detecting C compile features
-- Detecting C compile features - done
-- Performing Test CMAKE_HAVE_LIBC_PTHREAD
-- Performing Test CMAKE_HAVE_LIBC_PTHREAD - Success
-- Found Threads: TRUE
-- GraphScore engraving spike: owned code is strict; GTest is isolated
-- Configuring done (2.9s)
-- Generating done (0.0s)
-- Build files have been written to: /Users/adamshield/dev/graphscore/spikes/m0/engraving-engine/build
