-- The C compiler identification is AppleClang 17.0.0.17000013
-- The CXX compiler identification is AppleClang 17.0.0.17000013
-- Detecting C compiler ABI info
-- Detecting C compiler ABI info - done
-- Check for working C compiler: /usr/bin/cc - skipped
-- Detecting C compile features
-- Detecting C compile features - done
-- Detecting CXX compiler ABI info
-- Detecting CXX compiler ABI info - done
-- Check for working CXX compiler: /usr/bin/c++ - skipped
-- Detecting CXX compile features
-- Detecting CXX compile features - done
-- Populating harfbuzz
-- Configuring done (0.1s)
-- Generating done (0.0s)
-- Build files have been written to: /Users/adamshield/dev/graphscore/spikes/m0/rendering-accessibility/build/_deps/harfbuzz-subbuild
[1/9] Creating directories for 'harfbuzz-populate'
[1/9] Performing download step (git clone) for 'harfbuzz-populate'
Cloning into 'harfbuzz-src'...
HEAD is now at af192b7e0 [gpu] Validate extents fit i16 before quantizing
[2/9] Performing update step for 'harfbuzz-populate'
-- Already at requested ref: af192b7e0f49a9965220ba3f18473e3f8e28b8b9
[3/9] No patch step for 'harfbuzz-populate'
[5/9] No configure step for 'harfbuzz-populate'
[6/9] No build step for 'harfbuzz-populate'
[7/9] No install step for 'harfbuzz-populate'
[8/9] No test step for 'harfbuzz-populate'
[9/9] Completed 'harfbuzz-populate'
CMake Warning at build/_deps/harfbuzz-src/CMakeLists.txt:4 (message):
  The main build system for HarfBuzz is Meson.  CMake build support is
  community-maintained and is not actively supported by HarfBuzz developers.


-- Found Python3: /opt/homebrew/Frameworks/Python.framework/Versions/3.14/bin/python3.14 (found version "3.14.6") found components: Interpreter
-- Looking for atexit
-- Looking for atexit - found
-- Looking for mprotect
-- Looking for mprotect - found
-- Looking for sysconf
-- Looking for sysconf - found
-- Looking for getpagesize
-- Looking for getpagesize - found
-- Looking for mmap
-- Looking for mmap - found
-- Looking for isatty
-- Looking for isatty - found
-- Looking for unistd.h
-- Looking for unistd.h - found
-- Looking for sys/mman.h
-- Looking for sys/mman.h - found
-- Looking for stdbool.h
-- Looking for stdbool.h - found
-- Performing Test CMAKE_HAVE_LIBC_PTHREAD
-- Performing Test CMAKE_HAVE_LIBC_PTHREAD - Success
-- Found Threads: TRUE
-- Performing Test CXX_SUPPORTS_FLAG_BSYMB_FUNCS
-- Performing Test CXX_SUPPORTS_FLAG_BSYMB_FUNCS - Success
-- [spike] HarfBuzz isolation verified: no freetype in LINK_LIBRARIES
-- Populating freetype
-- Configuring done (0.1s)
-- Generating done (0.0s)
-- Build files have been written to: /Users/adamshield/dev/graphscore/spikes/m0/rendering-accessibility/build/_deps/freetype-subbuild
[1/9] Creating directories for 'freetype-populate'
[1/9] Performing download step (git clone) for 'freetype-populate'
Cloning into 'freetype-src'...
HEAD is now at f01dec5e6 [base] Prevent signed overflow.
Submodule 'dlg' (https://github.com/nyorain/dlg.git) registered for path 'subprojects/dlg'
Cloning into '/Users/adamshield/dev/graphscore/spikes/m0/rendering-accessibility/build/_deps/freetype-src/subprojects/dlg'...
Submodule path 'subprojects/dlg': checked out '395ccad2c1e0daae535c4d20bb0a3f2424648e17'
[2/9] Performing update step for 'freetype-populate'
-- Already at requested ref: f01dec5e676847267834b881b25f6e8c79581163
[3/9] No patch step for 'freetype-populate'
[5/9] No configure step for 'freetype-populate'
[6/9] No build step for 'freetype-populate'
[7/9] No install step for 'freetype-populate'
[8/9] No test step for 'freetype-populate'
[9/9] Completed 'freetype-populate'
-- Could NOT find PkgConfig (missing: PKG_CONFIG_EXECUTABLE)
-- Looking for fcntl.h
-- Looking for fcntl.h - found
-- Populating sdl3
-- Configuring done (0.1s)
-- Generating done (0.0s)
-- Build files have been written to: /Users/adamshield/dev/graphscore/spikes/m0/rendering-accessibility/build/_deps/sdl3-subbuild
[1/9] Creating directories for 'sdl3-populate'
[1/9] Performing download step (git clone) for 'sdl3-populate'
Cloning into 'sdl3-src'...
HEAD is now at 08b9c5539 Fixed error: cast from pointer to integer of different size
[2/9] Performing update step for 'sdl3-populate'
-- Already at requested ref: 08b9c55393be5cb08fbec12ca431470faba3c8c9
[3/9] No patch step for 'sdl3-populate'
[5/9] No configure step for 'sdl3-populate'
[6/9] No build step for 'sdl3-populate'
[7/9] No install step for 'sdl3-populate'
[8/9] No test step for 'sdl3-populate'
[9/9] Completed 'sdl3-populate'
-- Could NOT find PkgConfig (missing: PKG_CONFIG_EXECUTABLE)
-- The OBJC compiler identification is AppleClang 17.0.0.17000013
-- Detecting OBJC compiler ABI info
-- Detecting OBJC compiler ABI info - done
-- Check for working OBJC compiler: /usr/bin/cc - skipped
-- Detecting Target CPU Architecture
-- Detecting Target CPU Architecture - ARM64
-- Performing Test HAVE_GCC_WALL
-- Performing Test HAVE_GCC_WALL - Success
-- Performing Test HAVE_GCC_WUNDEF
-- Performing Test HAVE_GCC_WUNDEF - Success
-- Performing Test HAVE_GCC_WFLOAT_CONVERSION
-- Performing Test HAVE_GCC_WFLOAT_CONVERSION - Success
-- Performing Test HAVE_GCC_NO_STRICT_ALIASING
-- Performing Test HAVE_GCC_NO_STRICT_ALIASING - Success
-- Performing Test HAVE_GCC_WDOCUMENTATION
-- Performing Test HAVE_GCC_WDOCUMENTATION - Success
-- Performing Test HAVE_GCC_WDOCUMENTATION_UNKNOWN_COMMAND
-- Performing Test HAVE_GCC_WDOCUMENTATION_UNKNOWN_COMMAND - Success
-- Performing Test HAVE_GCC_COMMENT_BLOCK_COMMANDS
-- Performing Test HAVE_GCC_COMMENT_BLOCK_COMMANDS - Success
-- Performing Test HAVE_GCC_WSHADOW
-- Performing Test HAVE_GCC_WSHADOW - Success
-- Performing Test HAVE_GCC_WUNUSED_LOCAL_TYPEDEFS
-- Performing Test HAVE_GCC_WUNUSED_LOCAL_TYPEDEFS - Success
-- Performing Test HAVE_GCC_WIMPLICIT_FALLTHROUGH
-- Performing Test HAVE_GCC_WIMPLICIT_FALLTHROUGH - Success
-- Performing Test COMPILER_SUPPORTS_FCOLOR_DIAGNOSTICS
-- Performing Test COMPILER_SUPPORTS_FCOLOR_DIAGNOSTICS - Success
-- Looking for __GLIBC__
-- Looking for __GLIBC__ - not found
-- Performing Test HAVE_WL_VERSION_SCRIPT
-- Performing Test HAVE_WL_VERSION_SCRIPT - Failed
-- Performing Test COMPILER_SUPPORTS_GCC_ATOMICS
-- Performing Test COMPILER_SUPPORTS_GCC_ATOMICS - Success
-- Performing Test HAVE_GCC_FVISIBILITY
-- Performing Test HAVE_GCC_FVISIBILITY - Success
-- Performing Test COMPILER_SUPPORTS_WNO_ERROR_DEPRECATED_DECLARATIONS
-- Performing Test COMPILER_SUPPORTS_WNO_ERROR_DEPRECATED_DECLARATIONS - Success
-- Performing Test COMPILER_SUPPORTS_WNO_DEPRECATED_DECLARATIONS
-- Performing Test COMPILER_SUPPORTS_WNO_DEPRECATED_DECLARATIONS - Success
-- Performing Test LINKER_SUPPORTS_WL_NO_UNDEFINED
-- Performing Test LINKER_SUPPORTS_WL_NO_UNDEFINED - Failed
-- Performing Test COMPILER_SUPPORTS_ARMNEON
-- Performing Test COMPILER_SUPPORTS_ARMNEON - Success
-- Performing Test COMPILER_SUPPORTS_ARMSVE2
-- Performing Test COMPILER_SUPPORTS_ARMSVE2 - Success
-- Looking for alloca.h
-- Looking for alloca.h - found
-- Looking for float.h
-- Looking for float.h - found
-- Looking for iconv.h
-- Looking for iconv.h - found
-- Looking for inttypes.h
-- Looking for inttypes.h - found
-- Looking for limits.h
-- Looking for limits.h - found
-- Looking for malloc.h
-- Looking for malloc.h - not found
-- Looking for math.h
-- Looking for math.h - found
-- Looking for memory.h
-- Looking for memory.h - found
-- Looking for signal.h
-- Looking for signal.h - found
-- Looking for stdarg.h
-- Looking for stdarg.h - found
-- Looking for stdbool.h
-- Looking for stdbool.h - found
-- Looking for stddef.h
-- Looking for stddef.h - found
-- Looking for stdint.h
-- Looking for stdint.h - found
-- Looking for stdio.h
-- Looking for stdio.h - found
-- Looking for stdlib.h
-- Looking for stdlib.h - found
-- Looking for string.h
-- Looking for string.h - found
-- Looking for strings.h
-- Looking for strings.h - found
-- Looking for sys/types.h
-- Looking for sys/types.h - found
-- Looking for time.h
-- Looking for time.h - found
-- Looking for wchar.h
-- Looking for wchar.h - found
-- Looking for pow in m
-- Looking for pow in m - found
-- Looking for abs
-- Looking for abs - found
-- Looking for acos
-- Looking for acos - found
-- Looking for acosf
-- Looking for acosf - found
-- Looking for asin
-- Looking for asin - found
-- Looking for asinf
-- Looking for asinf - found
-- Looking for atan
-- Looking for atan - found
-- Looking for atan2
-- Looking for atan2 - found
-- Looking for atan2f
-- Looking for atan2f - found
-- Looking for atanf
-- Looking for atanf - found
-- Looking for atof
-- Looking for atof - found
-- Looking for atoi
-- Looking for atoi - found
-- Looking for bcopy
-- Looking for bcopy - found
-- Looking for ceil
-- Looking for ceil - found
-- Looking for ceilf
-- Looking for ceilf - found
-- Looking for copysign
-- Looking for copysign - found
-- Looking for copysignf
-- Looking for copysignf - found
-- Looking for cos
-- Looking for cos - found
-- Looking for cosf
-- Looking for cosf - found
-- Looking for _Exit
-- Looking for _Exit - found
-- Looking for exp
-- Looking for exp - found
-- Looking for expf
-- Looking for expf - found
-- Looking for fabs
-- Looking for fabs - found
-- Looking for fabsf
-- Looking for fabsf - found
-- Looking for floor
-- Looking for floor - found
-- Looking for floorf
-- Looking for floorf - found
-- Looking for fmod
-- Looking for fmod - found
-- Looking for fmodf
-- Looking for fmodf - found
-- Looking for fopen64
-- Looking for fopen64 - not found
-- Looking for fseeko
-- Looking for fseeko - found
-- Looking for fseeko64
-- Looking for fseeko64 - not found
-- Looking for getenv
-- Looking for getenv - found
-- Looking for _i64toa
-- Looking for _i64toa - not found
-- Looking for index
-- Looking for index - found
-- Looking for itoa
-- Looking for itoa - not found
-- Looking for log
-- Looking for log - found
-- Looking for log10
-- Looking for log10 - found
-- Looking for log10f
-- Looking for log10f - found
-- Looking for logf
-- Looking for logf - found
-- Looking for lround
-- Looking for lround - found
-- Looking for lroundf
-- Looking for lroundf - found
-- Looking for _ltoa
-- Looking for _ltoa - not found
-- Looking for malloc
-- Looking for malloc - found
-- Looking for memcmp
-- Looking for memcmp - found
-- Looking for memcpy
-- Looking for memcpy - found
-- Looking for memmove
-- Looking for memmove - found
-- Looking for memset
-- Looking for memset - found
-- Looking for modf
-- Looking for modf - found
-- Looking for modff
-- Looking for modff - found
-- Looking for pow
-- Looking for pow - found
-- Looking for powf
-- Looking for powf - found
-- Looking for putenv
-- Looking for putenv - found
-- Looking for rindex
-- Looking for rindex - found
-- Looking for round
-- Looking for round - found
-- Looking for roundf
-- Looking for roundf - found
-- Looking for scalbn
-- Looking for scalbn - found
-- Looking for scalbnf
-- Looking for scalbnf - found
-- Looking for setenv
-- Looking for setenv - found
-- Looking for sin
-- Looking for sin - found
-- Looking for sinf
-- Looking for sinf - found
-- Looking for sqr
-- Looking for sqr - not found
-- Looking for sqrt
-- Looking for sqrt - found
-- Looking for sqrtf
-- Looking for sqrtf - found
-- Looking for sscanf
-- Looking for sscanf - found
-- Looking for strchr
-- Looking for strchr - found
-- Looking for strcmp
-- Looking for strcmp - found
-- Looking for strlcat
-- Looking for strlcat - found
-- Looking for strlcpy
-- Looking for strlcpy - found
-- Looking for strlen
-- Looking for strlen - found
-- Looking for strncmp
-- Looking for strncmp - found
-- Looking for strnlen
-- Looking for strnlen - found
-- Looking for strpbrk
-- Looking for strpbrk - found
-- Looking for strrchr
-- Looking for strrchr - found
-- Looking for strstr
-- Looking for strstr - found
-- Looking for strnstr
-- Looking for strnstr - found
-- Looking for strtod
-- Looking for strtod - found
-- Looking for strtok_r
-- Looking for strtok_r - found
-- Looking for strtol
-- Looking for strtol - found
-- Looking for strtoll
-- Looking for strtoll - found
-- Looking for strtoul
-- Looking for strtoul - found
-- Looking for strtoull
-- Looking for strtoull - found
-- Looking for tan
-- Looking for tan - found
-- Looking for tanf
-- Looking for tanf - found
-- Looking for trunc
-- Looking for trunc - found
-- Looking for truncf
-- Looking for truncf - found
-- Looking for unsetenv
-- Looking for unsetenv - found
-- Looking for vsnprintf
-- Looking for vsnprintf - found
-- Looking for vsscanf
-- Looking for vsscanf - found
-- Looking for wcsnlen
-- Looking for wcsnlen - found
-- Looking for wcscmp
-- Looking for wcscmp - found
-- Looking for wcsdup
-- Looking for wcsdup - found
-- Looking for wcslcat
-- Looking for wcslcat - found
-- Looking for wcslcpy
-- Looking for wcslcpy - found
-- Looking for wcslen
-- Looking for wcslen - found
-- Looking for wcsncmp
-- Looking for wcsncmp - found
-- Looking for wcsstr
-- Looking for wcsstr - found
-- Looking for wcstol
-- Looking for wcstol - found
-- Looking for wcstoll
-- Looking for wcstoll - found
-- Looking for wcstoul
-- Looking for wcstoul - found
-- Looking for wcstoull
-- Looking for wcstoull - found
-- Looking for strcasestr
-- Looking for strcasestr - found
-- Performing Test LIBC_HAS_ISINF
-- Performing Test LIBC_HAS_ISINF - Success
-- Performing Test LIBC_ISINF_HANDLES_FLOAT
-- Performing Test LIBC_ISINF_HANDLES_FLOAT - Success
-- Performing Test LIBC_HAS_ISINFF
-- Performing Test LIBC_HAS_ISINFF - Failed
-- Performing Test LIBC_HAS_ISNAN
-- Performing Test LIBC_HAS_ISNAN - Success
-- Performing Test LIBC_ISNAN_HANDLES_FLOAT
-- Performing Test LIBC_ISNAN_HANDLES_FLOAT - Success
-- Performing Test LIBC_HAS_ISNANF
-- Performing Test LIBC_HAS_ISNANF - Failed
-- Looking for fdatasync
-- Looking for fdatasync - not found
-- Looking for gethostname
-- Looking for gethostname - found
-- Looking for getresgid
-- Looking for getresgid - not found
-- Looking for getresuid
-- Looking for getresuid - not found
-- Looking for sigaction
-- Looking for sigaction - found
-- Looking for sigtimedwait
-- Looking for sigtimedwait - not found
-- Looking for setjmp
-- Looking for setjmp - found
-- Looking for nanosleep
-- Looking for nanosleep - found
-- Looking for gmtime_r
-- Looking for gmtime_r - found
-- Looking for localtime_r
-- Looking for localtime_r - found
-- Looking for nl_langinfo
-- Looking for nl_langinfo - found
-- Looking for sysctlbyname
-- Looking for sysctlbyname - found
-- Looking for getauxval
-- Looking for getauxval - not found
-- Looking for elf_aux_info
-- Looking for elf_aux_info - not found
-- Looking for ppoll
-- Looking for ppoll - not found
-- Looking for memfd_create
-- Looking for memfd_create - not found
-- Looking for posix_fallocate
-- Looking for posix_fallocate - not found
-- Looking for posix_spawn_file_actions_addchdir
-- Looking for posix_spawn_file_actions_addchdir - not found
-- Looking for posix_spawn_file_actions_addchdir_np
-- Looking for posix_spawn_file_actions_addchdir_np - found
-- Looking for dlopen
-- Looking for dlopen - found
-- Performing Test HAVE_O_CLOEXEC
-- Performing Test HAVE_O_CLOEXEC - Success
-- Performing Test HAVE_FRAMEWORK_METAL
-- Performing Test HAVE_FRAMEWORK_METAL - Success
-- Performing Test HAVE_PTHREADS
-- Performing Test HAVE_PTHREADS - Success
-- Performing Test HAVE_RECURSIVE_MUTEXES
-- Performing Test HAVE_RECURSIVE_MUTEXES - Success
-- Performing Test HAVE_PTHREADS_SEM
-- Performing Test HAVE_PTHREADS_SEM - Success
-- Performing Test COMPILER_HAS_SEM_TIMEDWAIT
-- Performing Test COMPILER_HAS_SEM_TIMEDWAIT - Failed
-- Looking for pthread.h
-- Looking for pthread.h - found
-- Looking for pthread_np.h
-- Looking for pthread_np.h - not found
-- Performing Test HAVE_PTHREAD_SETNAME_NP
-- Performing Test HAVE_PTHREAD_SETNAME_NP - Success
-- Performing Test HAVE_POSIX_SPAWN
-- Performing Test HAVE_POSIX_SPAWN - Success
-- Performing Test COMPILER_SUPPORTS_FOBJC_ARC
-- Performing Test COMPILER_SUPPORTS_FOBJC_ARC - Success
--
-- SDL3 was configured with the following options:
--
-- Platform: Darwin-24.6.0
-- 64-bit:   TRUE
-- Compiler: /usr/bin/cc
-- Revision: SDL-3.5.0-release-3.4.0-1177-g08b9c5539
-- Vendor:
--
-- Subsystems:
--   Audio:        OFF
--   Video:        ON
--   GPU:          OFF
--   Render:       ON
--   Camera:       OFF
--   Joystick:     OFF
--   Haptic:       OFF
--   Hidapi:       OFF
--   Power:        OFF
--   Sensor:       OFF
--   Dialog:       OFF
--   Tray:         OFF
--   Notification: ON
--
-- Options:
--   SDL_ALSA                    (Wanted: OFF): OFF
--   SDL_ALSA_SHARED             (Wanted: OFF): OFF
--   SDL_ALTIVEC                 (Wanted: OFF): OFF
--   SDL_ARMNEON                 (Wanted: ON): ON
--   SDL_ARMSVE2                 (Wanted: ON): ON
--   SDL_ASAN                    (Wanted: OFF): OFF
--   SDL_ASSEMBLY                (Wanted: ON): ON
--   SDL_ASSERTIONS              (Wanted: auto): auto
--   SDL_AVX                     (Wanted: OFF): OFF
--   SDL_AVX2                    (Wanted: OFF): OFF
--   SDL_AVX512F                 (Wanted: OFF): OFF
--   SDL_BACKGROUNDING_SIGNAL    (Wanted: OFF): OFF
--   SDL_CCACHE                  (Wanted: OFF): OFF
--   SDL_CLANG_TIDY              (Wanted: OFF): OFF
--   SDL_CLOCK_GETTIME           (Wanted: OFF): OFF
--   SDL_COCOA                   (Wanted: ON): ON
--   SDL_DBUS                    (Wanted: OFF): OFF
--   SDL_DEPS_SHARED             (Wanted: ON): OFF
--   SDL_DIRECTX                 (Wanted: OFF): OFF
--   SDL_DISKAUDIO               (Wanted: OFF): OFF
--   SDL_DLOPEN_NOTES            (Wanted: OFF): OFF
--   SDL_DUMMYAUDIO              (Wanted: OFF): OFF
--   SDL_DUMMYCAMERA             (Wanted: OFF): OFF
--   SDL_DUMMYVIDEO              (Wanted: OFF): OFF
--   SDL_EXAMPLES                (Wanted: OFF): OFF
--   SDL_EXAMPLES_LINK_SHARED    (Wanted: OFF): OFF
--   SDL_FOREGROUNDING_SIGNAL    (Wanted: OFF): OFF
--   SDL_FRIBIDI                 (Wanted: OFF): OFF
--   SDL_FRIBIDI_SHARED          (Wanted: OFF): OFF
--   SDL_GCC_ATOMICS             (Wanted: ON): ON
--   SDL_GPU_OPENXR              (Wanted: OFF): OFF
--   SDL_HIDAPI                  (Wanted: OFF): OFF
--   SDL_HIDAPI_JOYSTICK         (Wanted: OFF): OFF
--   SDL_HIDAPI_LIBUSB           (Wanted: OFF): OFF
--   SDL_HIDAPI_LIBUSB_SHARED    (Wanted: OFF): OFF
--   SDL_IBUS                    (Wanted: OFF): OFF
--   SDL_INSTALL                 (Wanted: OFF): OFF
--   SDL_INSTALL_TESTS           (Wanted: OFF): OFF
--   SDL_JACK                    (Wanted: OFF): OFF
--   SDL_JACK_SHARED             (Wanted: OFF): OFF
--   SDL_KMSDRM                  (Wanted: OFF): OFF
--   SDL_KMSDRM_SHARED           (Wanted: OFF): OFF
--   SDL_LASX                    (Wanted: OFF): OFF
--   SDL_LEAN_AND_MEAN           (Wanted: OFF): OFF
--   SDL_LIBC                    (Wanted: ON): ON
--   SDL_LIBICONV                (Wanted: OFF): OFF
--   SDL_LIBTHAI                 (Wanted: OFF): OFF
--   SDL_LIBTHAI_SHARED          (Wanted: OFF): OFF
--   SDL_LIBUDEV                 (Wanted: OFF): OFF
--   SDL_LIBUDEV_SHARED          (Wanted: OFF): OFF
--   SDL_LIBURING                (Wanted: OFF): OFF
--   SDL_LSX                     (Wanted: OFF): OFF
--   SDL_METAL                   (Wanted: ON): ON
--   SDL_MMX                     (Wanted: OFF): OFF
--   SDL_OFFSCREEN               (Wanted: OFF): OFF
--   SDL_OPENGL                  (Wanted: OFF): OFF
--   SDL_OPENGLES                (Wanted: OFF): OFF
--   SDL_OPENVR                  (Wanted: OFF): OFF
--   SDL_OSS                     (Wanted: OFF): OFF
--   SDL_PIPEWIRE                (Wanted: OFF): OFF
--   SDL_PIPEWIRE_SHARED         (Wanted: OFF): OFF
--   SDL_PTHREADS                (Wanted: ON): ON
--   SDL_PTHREADS_SEM            (Wanted: ON): ON
--   SDL_PULSEAUDIO              (Wanted: OFF): OFF
--   SDL_PULSEAUDIO_SHARED       (Wanted: OFF): OFF
--   SDL_RENDER_D3D              (Wanted: OFF): OFF
--   SDL_RENDER_D3D11            (Wanted: OFF): OFF
--   SDL_RENDER_D3D12            (Wanted: OFF): OFF
--   SDL_RENDER_GPU              (Wanted: OFF): OFF
--   SDL_RENDER_METAL            (Wanted: ON): ON
--   SDL_RENDER_VULKAN           (Wanted: OFF): OFF
--   SDL_ROCKCHIP                (Wanted: OFF): OFF
--   SDL_RPATH                   (Wanted: ON): OFF
--   SDL_RPI                     (Wanted: OFF): OFF
--   SDL_SNDIO                   (Wanted: OFF): OFF
--   SDL_SNDIO_SHARED            (Wanted: OFF): OFF
--   SDL_SSE                     (Wanted: OFF): OFF
--   SDL_SSE2                    (Wanted: OFF): OFF
--   SDL_SSE3                    (Wanted: OFF): OFF
--   SDL_SSE4_1                  (Wanted: OFF): OFF
--   SDL_SSE4_2                  (Wanted: OFF): OFF
--   SDL_SYSTEM_ICONV            (Wanted: OFF): OFF
--   SDL_TESTS                   (Wanted: OFF): OFF
--   SDL_TESTS_LINK_SHARED       (Wanted: OFF): OFF
--   SDL_UNINSTALL               (Wanted: OFF): OFF
--   SDL_VIRTUAL_JOYSTICK        (Wanted: OFF): OFF
--   SDL_VIVANTE                 (Wanted: OFF): OFF
--   SDL_VULKAN                  (Wanted: OFF): OFF
--   SDL_WASAPI                  (Wanted: OFF): OFF
--   SDL_WAYLAND                 (Wanted: OFF): OFF
--   SDL_WAYLAND_LIBDECOR        (Wanted: OFF): OFF
--   SDL_WAYLAND_LIBDECOR_SHARED (Wanted: OFF): OFF
--   SDL_WAYLAND_SHARED          (Wanted: OFF): OFF
--   SDL_X11                     (Wanted: OFF): OFF
--   SDL_X11_SHARED              (Wanted: OFF): OFF
--   SDL_X11_XCURSOR             (Wanted: OFF): OFF
--   SDL_X11_XDBE                (Wanted: OFF): OFF
--   SDL_X11_XFIXES              (Wanted: OFF): OFF
--   SDL_X11_XINPUT              (Wanted: OFF): OFF
--   SDL_X11_XRANDR              (Wanted: OFF): OFF
--   SDL_X11_XSCRNSAVER          (Wanted: OFF): OFF
--   SDL_X11_XSHAPE              (Wanted: OFF): OFF
--   SDL_X11_XSYNC               (Wanted: OFF): OFF
--   SDL_X11_XTEST               (Wanted: OFF): OFF
--   SDL_XINPUT                  (Wanted: OFF): OFF
--
--  Build Shared Library: OFF
--  Build Static Library: ON
--  Build libraries as Apple Framework: OFF
--
-- Enabled backends:
--   Video drivers: cocoa
--   Render drivers: metal
--   GPU drivers: disabled openxr
--   Audio drivers: dummy
--   Joystick drivers: disabled dummy
--   Camera drivers: dummy
--
-- If something was not detected, although the libraries
-- were installed, then make sure you have set the
-- CMAKE_C_FLAGS and CMAKE_PREFIX_PATH CMake variables correctly.
--
-- Populating bravura
-- Configuring done (0.1s)
-- Generating done (0.0s)
-- Build files have been written to: /Users/adamshield/dev/graphscore/spikes/m0/rendering-accessibility/build/_deps/bravura-subbuild
[1/9] Creating directories for 'bravura-populate'
[1/9] Performing download step (git clone) for 'bravura-populate'
Cloning into 'bravura-src'...
HEAD is now at 02e8ed2 Update OFL-FAQ to version 1.1, update 6.
[2/9] Performing update step for 'bravura-populate'
-- Already at requested ref: 02e8ed29a29115df35007d1178cebaeee26c20e1
[3/9] No patch step for 'bravura-populate'
[5/9] No configure step for 'bravura-populate'
[6/9] No build step for 'bravura-populate'
[7/9] No install step for 'bravura-populate'
[8/9] No test step for 'bravura-populate'
[9/9] Completed 'bravura-populate'
-- [spike] Bravura OTF copied: /Users/adamshield/dev/graphscore/spikes/m0/rendering-accessibility/build/bravura_font/Bravura.otf
-- [spike] Downloading NotoSans-Regular.ttf from pinned SHA ffebf8c1ee449e544955a7e813c54f9b73848eac...
-- [spike] Noto Sans OTF copied: /Users/adamshield/dev/graphscore/spikes/m0/rendering-accessibility/build/noto_font/NotoSans-Regular.ttf
-- [spike] Noto Sans artifact integrity verified (SHA-256)
-- [spike] Display tests DISABLED — smoke headless-safe; use -DSPIKE_ENABLE_DISPLAY_TESTS=ON on physical Mac
-- [spike] Build configured
-- [spike]   Bravura font: /Users/adamshield/dev/graphscore/spikes/m0/rendering-accessibility/build/bravura_font/Bravura.otf
-- [spike]   Noto Sans font: /Users/adamshield/dev/graphscore/spikes/m0/rendering-accessibility/build/noto_font/NotoSans-Regular.ttf
-- [spike]   Display tests: OFF
-- [spike]   ASan: OFF
-- Configuring done (259.7s)
-- Generating done (0.1s)
-- Build files have been written to: /Users/adamshield/dev/graphscore/spikes/m0/rendering-accessibility/build
