[0/2] Re-checking globbed directories...
[1/275] Building C object _deps/freetype-build/CMakeFiles/freetype.dir/src/base/ftcid.c.o
[2/275] Building C object _deps/freetype-build/CMakeFiles/freetype.dir/src/base/ftfstype.c.o
[3/275] Building C object _deps/freetype-build/CMakeFiles/freetype.dir/src/base/ftbbox.c.o
[4/275] Building C object _deps/freetype-build/CMakeFiles/freetype.dir/src/base/ftbdf.c.o
[5/275] Building C object _deps/freetype-build/CMakeFiles/freetype.dir/src/base/ftgasp.c.o
[6/275] Building C object _deps/freetype-build/CMakeFiles/freetype.dir/src/base/ftgxval.c.o
[7/275] Building C object _deps/freetype-build/CMakeFiles/freetype.dir/src/base/ftbitmap.c.o
[8/275] Building C object _deps/freetype-build/CMakeFiles/freetype.dir/src/base/ftglyph.c.o
[9/275] Building C object _deps/freetype-build/CMakeFiles/freetype.dir/src/base/ftinit.c.o
[10/275] Building C object _deps/freetype-build/CMakeFiles/freetype.dir/src/base/ftpatent.c.o
[11/275] Building C object _deps/freetype-build/CMakeFiles/freetype.dir/src/base/ftpfr.c.o
[12/275] Building C object _deps/freetype-build/CMakeFiles/freetype.dir/src/base/ftotval.c.o
[13/275] Building C object _deps/freetype-build/CMakeFiles/freetype.dir/src/base/fttype1.c.o
[14/275] Building C object _deps/freetype-build/CMakeFiles/freetype.dir/src/base/ftsynth.c.o
[15/275] Building C object _deps/freetype-build/CMakeFiles/freetype.dir/src/base/ftmm.c.o
[16/275] Building C object _deps/freetype-build/CMakeFiles/freetype.dir/src/base/ftstroke.c.o
[17/275] Building C object _deps/freetype-build/CMakeFiles/freetype.dir/src/autofit/autofit.c.o
[18/275] Building C object _deps/freetype-build/CMakeFiles/freetype.dir/src/base/ftbase.c.o
[19/275] Building C object _deps/freetype-build/CMakeFiles/freetype.dir/src/base/ftwinfnt.c.o
[20/275] Building C object _deps/freetype-build/CMakeFiles/freetype.dir/src/bzip2/ftbzip2.c.o
[21/275] Building C object _deps/freetype-build/CMakeFiles/freetype.dir/src/bdf/bdf.c.o
[22/275] Building C object _deps/freetype-build/CMakeFiles/freetype.dir/src/hvf/hvf.c.o
[23/275] Building C object _deps/freetype-build/CMakeFiles/freetype.dir/src/cid/type1cid.c.o
[24/275] Building C object _deps/sdl3-build/CMakeFiles/SDL3-static.dir/cmake_pch.h.pch
[25/275] Building C object _deps/freetype-build/CMakeFiles/freetype.dir/src/lzw/ftlzw.c.o
[26/275] Building C object _deps/freetype-build/CMakeFiles/freetype.dir/src/cache/ftcache.c.o
[27/275] Building C object _deps/freetype-build/CMakeFiles/freetype.dir/src/gzip/ftgzip.c.o
[28/275] Building C object _deps/freetype-build/CMakeFiles/freetype.dir/src/cff/cff.c.o
[29/275] Building C object _deps/freetype-build/CMakeFiles/freetype.dir/src/pcf/pcf.c.o
[30/275] Building C object _deps/freetype-build/CMakeFiles/freetype.dir/src/pfr/pfr.c.o
[31/275] Building C object _deps/freetype-build/CMakeFiles/freetype.dir/src/raster/raster.c.o
[32/275] Building C object _deps/freetype-build/CMakeFiles/freetype.dir/src/pshinter/pshinter.c.o
[33/275] Building C object _deps/freetype-build/CMakeFiles/freetype.dir/src/psnames/psnames.c.o
[34/275] Building C object _deps/freetype-build/CMakeFiles/freetype.dir/src/sdf/sdf.c.o
[35/275] Building C object _deps/freetype-build/CMakeFiles/freetype.dir/src/svg/svg.c.o
[36/275] Building C object _deps/freetype-build/CMakeFiles/freetype.dir/src/smooth/smooth.c.o
[37/275] Building C object _deps/freetype-build/CMakeFiles/freetype.dir/src/base/ftdebug.c.o
[38/275] Building C object _deps/freetype-build/CMakeFiles/freetype.dir/src/type42/type42.c.o
[39/275] Building C object _deps/freetype-build/CMakeFiles/freetype.dir/builds/unix/ftsystem.c.o
[40/275] Building C object _deps/freetype-build/CMakeFiles/freetype.dir/src/winfonts/winfnt.c.o
[41/275] Building C object _deps/freetype-build/CMakeFiles/freetype.dir/src/psaux/psaux.c.o
[42/275] Building C object _deps/freetype-build/CMakeFiles/freetype.dir/src/type1/type1.c.o
[43/275] Building C object _deps/sdl3-build/CMakeFiles/SDL3-static.dir/src/SDL.c.o
[44/275] Building C object _deps/sdl3-build/CMakeFiles/SDL3-static.dir/src/SDL_error.c.o
[45/275] Building C object _deps/sdl3-build/CMakeFiles/SDL3-static.dir/src/SDL_assert.c.o
[46/275] Building C object _deps/sdl3-build/CMakeFiles/SDL3-static.dir/src/SDL_guid.c.o
[47/275] Building C object _deps/freetype-build/CMakeFiles/freetype.dir/src/sfnt/sfnt.c.o
[48/275] Building C object _deps/sdl3-build/CMakeFiles/SDL3-static.dir/src/SDL_hashtable.c.o
[49/275] Building C object _deps/sdl3-build/CMakeFiles/SDL3-static.dir/src/SDL_list.c.o
[50/275] Building C object _deps/sdl3-build/CMakeFiles/SDL3-static.dir/src/SDL_hints.c.o
[51/275] Building C object _deps/sdl3-build/CMakeFiles/SDL3-static.dir/src/video/arm/SDL_sve2_blit_N.c.o
[52/275] Building C object _deps/sdl3-build/CMakeFiles/SDL3-static.dir/src/video/arm/SDL_sve2_blit_A.c.o
[53/275] Building C object _deps/freetype-build/CMakeFiles/freetype.dir/src/truetype/truetype.c.o
[54/275] Building C object _deps/sdl3-build/CMakeFiles/SDL3-static.dir/src/SDL_log.c.o
[55/275] Building C object _deps/sdl3-build/CMakeFiles/SDL3-static.dir/src/atomic/SDL_atomic.c.o
[56/275] Building C object _deps/sdl3-build/CMakeFiles/SDL3-static.dir/src/atomic/SDL_spinlock.c.o
[57/275] Building C object _deps/sdl3-build/CMakeFiles/SDL3-static.dir/src/audio/SDL_audiodev.c.o
[58/275] Building C object _deps/sdl3-build/CMakeFiles/SDL3-static.dir/src/SDL_properties.c.o
[59/275] Building C object _deps/sdl3-build/CMakeFiles/SDL3-static.dir/src/SDL_utils.c.o
[60/275] Building C object _deps/sdl3-build/CMakeFiles/SDL3-static.dir/src/audio/SDL_audioqueue.c.o
[61/275] Building C object _deps/sdl3-build/CMakeFiles/SDL3-static.dir/src/audio/SDL_mixer.c.o
[62/275] Building C object _deps/sdl3-build/CMakeFiles/SDL3-static.dir/src/audio/SDL_audiotypecvt.c.o
[63/275] Building C object _deps/sdl3-build/CMakeFiles/SDL3-static.dir/src/audio/SDL_audioresample.c.o
[64/275] Building C object _deps/sdl3-build/CMakeFiles/SDL3-static.dir/src/audio/SDL_audiocvt.c.o
[65/275] Building C object _deps/sdl3-build/CMakeFiles/SDL3-static.dir/src/core/SDL_core_unsupported.c.o
[66/275] Building C object _deps/sdl3-build/CMakeFiles/SDL3-static.dir/src/audio/SDL_audio.c.o
[67/275] Building C object _deps/sdl3-build/CMakeFiles/SDL3-static.dir/src/events/SDL_clipboardevents.c.o
[68/275] Building C object _deps/sdl3-build/CMakeFiles/SDL3-static.dir/src/events/SDL_categories.c.o
[69/275] Building C object _deps/sdl3-build/CMakeFiles/SDL3-static.dir/src/audio/SDL_wave.c.o
[70/275] Building C object _deps/sdl3-build/CMakeFiles/SDL3-static.dir/src/cpuinfo/SDL_cpuinfo.c.o
[71/275] Building C object _deps/sdl3-build/CMakeFiles/SDL3-static.dir/src/events/SDL_displayevents.c.o
[72/275] Building C object _deps/sdl3-build/CMakeFiles/SDL3-static.dir/src/camera/SDL_camera.c.o
[73/275] Building C object _deps/sdl3-build/CMakeFiles/SDL3-static.dir/src/events/SDL_dropevents.c.o
[74/275] Building C object _deps/sdl3-build/CMakeFiles/SDL3-static.dir/src/events/SDL_keysym_to_scancode.c.o
[75/275] Building C object _deps/sdl3-build/CMakeFiles/SDL3-static.dir/src/events/SDL_eventwatch.c.o
[76/275] Building C object _deps/sdl3-build/CMakeFiles/SDL3-static.dir/src/events/SDL_keysym_to_keycode.c.o
[77/275] Building C object _deps/sdl3-build/CMakeFiles/SDL3-static.dir/src/events/SDL_keymap.c.o
[78/275] Building C object _deps/sdl3-build/CMakeFiles/SDL3-static.dir/src/events/SDL_notificationevents.c.o
[79/275] Building C object _deps/sdl3-build/CMakeFiles/SDL3-static.dir/src/events/SDL_events.c.o
[80/275] Building C object _deps/sdl3-build/CMakeFiles/SDL3-static.dir/src/events/SDL_keyboard.c.o
[81/275] Building C object _deps/sdl3-build/CMakeFiles/SDL3-static.dir/src/events/SDL_quit.c.o
[82/275] Building C object _deps/sdl3-build/CMakeFiles/SDL3-static.dir/src/events/SDL_mouse.c.o
[83/275] Building C object _deps/sdl3-build/CMakeFiles/SDL3-static.dir/src/events/SDL_pen.c.o
[84/275] Building C object _deps/sdl3-build/CMakeFiles/SDL3-static.dir/src/events/SDL_scancode_tables.c.o
[85/275] Building C object _deps/sdl3-build/CMakeFiles/SDL3-static.dir/src/events/imKStoUCS.c.o
[86/275] Building C object _deps/sdl3-build/CMakeFiles/SDL3-static.dir/src/events/SDL_touch.c.o
[87/275] Building C object _deps/sdl3-build/CMakeFiles/SDL3-static.dir/src/events/SDL_windowevents.c.o
[88/275] Building C object _deps/sdl3-build/CMakeFiles/SDL3-static.dir/src/filesystem/SDL_filesystem.c.o
[89/275] Building C object _deps/sdl3-build/CMakeFiles/SDL3-static.dir/src/gpu/xr/SDL_gpu_openxr.c.o
[90/275] Building C object _deps/sdl3-build/CMakeFiles/SDL3-static.dir/src/haptic/SDL_haptic.c.o
[91/275] Building C object _deps/sdl3-build/CMakeFiles/SDL3-static.dir/src/io/SDL_asyncio.c.o
[92/275] Building C object _deps/sdl3-build/CMakeFiles/SDL3-static.dir/src/gpu/xr/SDL_openxrdyn.c.o
[93/275] Building C object _deps/sdl3-build/CMakeFiles/SDL3-static.dir/src/hidapi/SDL_hidapi.c.o
[94/275] Building C object _deps/sdl3-build/CMakeFiles/SDL3-static.dir/src/io/generic/SDL_asyncio_generic.c.o
[95/275] Building C object _deps/sdl3-build/CMakeFiles/SDL3-static.dir/src/io/SDL_iostream.c.o
[96/275] Building C object _deps/sdl3-build/CMakeFiles/SDL3-static.dir/src/joystick/SDL_steam_virtual_gamepad.c.o
[97/275] Building C object _deps/sdl3-build/CMakeFiles/SDL3-static.dir/src/gpu/SDL_gpu.c.o
[98/275] Building C object _deps/sdl3-build/CMakeFiles/SDL3-static.dir/src/joystick/controller_type.c.o
[99/275] Building C object _deps/sdl3-build/CMakeFiles/SDL3-static.dir/src/locale/SDL_locale.c.o
[100/275] Building C object _deps/sdl3-build/CMakeFiles/SDL3-static.dir/src/main/SDL_main_callbacks.c.o
[101/275] Building C object _deps/sdl3-build/CMakeFiles/SDL3-static.dir/src/main/SDL_runapp.c.o
[102/275] Building C object _deps/sdl3-build/CMakeFiles/SDL3-static.dir/src/misc/SDL_libusb.c.o
[103/275] Building C object _deps/sdl3-build/CMakeFiles/SDL3-static.dir/src/misc/SDL_url.c.o
[104/275] Building C object _deps/sdl3-build/CMakeFiles/SDL3-static.dir/src/notification/SDL_notification.c.o
[105/275] Building C object _deps/sdl3-build/CMakeFiles/SDL3-static.dir/src/joystick/SDL_gamepad.c.o
[106/275] Building C object _deps/sdl3-build/CMakeFiles/SDL3-static.dir/src/power/SDL_power.c.o
[107/275] Building C object _deps/sdl3-build/CMakeFiles/SDL3-static.dir/src/render/SDL_render_unsupported.c.o
[108/275] Building C object _deps/sdl3-build/CMakeFiles/SDL3-static.dir/src/joystick/SDL_joystick.c.o
[109/275] Building C object _deps/sdl3-build/CMakeFiles/SDL3-static.dir/src/render/direct3d/SDL_render_d3d.c.o
[110/275] Building C object _deps/sdl3-build/CMakeFiles/SDL3-static.dir/src/render/direct3d/SDL_shaders_d3d.c.o
[111/275] Building C object _deps/sdl3-build/CMakeFiles/SDL3-static.dir/src/render/direct3d11/SDL_render_d3d11.c.o
[112/275] Building C object _deps/sdl3-build/CMakeFiles/SDL3-static.dir/src/render/SDL_yuv_sw.c.o
[113/275] Building C object _deps/sdl3-build/CMakeFiles/SDL3-static.dir/src/render/direct3d11/SDL_shaders_d3d11.c.o
[114/275] Building C object _deps/sdl3-build/CMakeFiles/SDL3-static.dir/src/render/direct3d12/SDL_render_d3d12.c.o
[115/275] Building C object _deps/sdl3-build/CMakeFiles/SDL3-static.dir/src/render/direct3d12/SDL_shaders_d3d12.c.o
[116/275] Building C object _deps/sdl3-build/CMakeFiles/SDL3-static.dir/src/render/gpu/SDL_pipeline_gpu.c.o
[117/275] Building C object _deps/sdl3-build/CMakeFiles/SDL3-static.dir/src/render/gpu/SDL_render_gpu.c.o
[118/275] Building C object _deps/sdl3-build/CMakeFiles/SDL3-static.dir/src/render/gpu/SDL_shaders_gpu.c.o
[119/275] Building C object _deps/sdl3-build/CMakeFiles/SDL3-static.dir/src/render/ngage/SDL_render_ngage.c.o
[120/275] Building C object _deps/sdl3-build/CMakeFiles/SDL3-static.dir/src/render/opengl/SDL_render_gl.c.o
[121/275] Building C object _deps/sdl3-build/CMakeFiles/SDL3-static.dir/src/render/opengles2/SDL_render_gles2.c.o
[122/275] Building C object _deps/sdl3-build/CMakeFiles/SDL3-static.dir/src/render/opengl/SDL_shaders_gl.c.o
[123/275] Building C object _deps/sdl3-build/CMakeFiles/SDL3-static.dir/src/render/opengles/SDL_render_gles.c.o
[124/275] Building C object _deps/sdl3-build/CMakeFiles/SDL3-static.dir/src/render/ps2/SDL_render_ps2.c.o
[125/275] Building C object _deps/sdl3-build/CMakeFiles/SDL3-static.dir/src/render/opengles2/SDL_shaders_gles2.c.o
[126/275] Building C object _deps/sdl3-build/CMakeFiles/SDL3-static.dir/src/render/psp/SDL_render_psp.c.o
[127/275] Building C object _deps/sdl3-build/CMakeFiles/SDL3-static.dir/src/render/SDL_render.c.o
[128/275] Building C object _deps/sdl3-build/CMakeFiles/SDL3-static.dir/src/render/software/SDL_drawpoint.c.o
[129/275] Building C object _deps/sdl3-build/CMakeFiles/SDL3-static.dir/src/render/software/SDL_drawline.c.o
[130/275] Building C object _deps/sdl3-build/CMakeFiles/SDL3-static.dir/src/render/software/SDL_blendpoint.c.o
[131/275] Building C object _deps/sdl3-build/CMakeFiles/SDL3-static.dir/src/render/vitagxm/SDL_render_vita_gxm.c.o
[132/275] Building C object _deps/sdl3-build/CMakeFiles/SDL3-static.dir/src/render/vitagxm/SDL_render_vita_gxm_memory.c.o
[133/275] Building C object _deps/sdl3-build/CMakeFiles/SDL3-static.dir/src/render/vitagxm/SDL_render_vita_gxm_tools.c.o
[134/275] Building C object _deps/sdl3-build/CMakeFiles/SDL3-static.dir/src/render/software/SDL_triangle.c.o
[135/275] Building C object _deps/sdl3-build/CMakeFiles/SDL3-static.dir/src/render/software/SDL_render_sw.c.o
[136/275] Building C object _deps/sdl3-build/CMakeFiles/SDL3-static.dir/src/render/software/SDL_blendfillrect.c.o
[137/275] Building C object _deps/sdl3-build/CMakeFiles/SDL3-static.dir/src/render/vulkan/SDL_render_vulkan.c.o
[138/275] Building C object _deps/sdl3-build/CMakeFiles/SDL3-static.dir/src/render/vulkan/SDL_shaders_vulkan.c.o
[139/275] Building C object _deps/sdl3-build/CMakeFiles/SDL3-static.dir/src/stdlib/SDL_crc32.c.o
[140/275] Building C object _deps/sdl3-build/CMakeFiles/SDL3-static.dir/src/stdlib/SDL_crc16.c.o
[141/275] Building C object _deps/sdl3-build/CMakeFiles/SDL3-static.dir/src/sensor/SDL_sensor.c.o
[142/275] Building C object _deps/sdl3-build/CMakeFiles/SDL3-static.dir/src/stdlib/SDL_malloc.c.o
[143/275] Building C object _deps/sdl3-build/CMakeFiles/SDL3-static.dir/src/stdlib/SDL_memcpy.c.o
[144/275] Building C object _deps/sdl3-build/CMakeFiles/SDL3-static.dir/src/render/software/SDL_blendline.c.o
[145/275] Building C object _deps/sdl3-build/CMakeFiles/SDL3-static.dir/src/stdlib/SDL_getenv.c.o
[146/275] Building C object _deps/sdl3-build/CMakeFiles/SDL3-static.dir/src/stdlib/SDL_iconv.c.o
[147/275] Building C object _deps/sdl3-build/CMakeFiles/SDL3-static.dir/src/stdlib/SDL_memset.c.o
[148/275] Building C object _deps/sdl3-build/CMakeFiles/SDL3-static.dir/src/stdlib/SDL_memmove.c.o
[149/275] Building C object _deps/sdl3-build/CMakeFiles/SDL3-static.dir/src/stdlib/SDL_mslibc.c.o
[150/275] Building C object _deps/sdl3-build/CMakeFiles/SDL3-static.dir/src/stdlib/SDL_murmur3.c.o
[151/275] Building C object _deps/sdl3-build/CMakeFiles/SDL3-static.dir/src/stdlib/SDL_random.c.o
[152/275] Building C object _deps/sdl3-build/CMakeFiles/SDL3-static.dir/src/stdlib/SDL_qsort.c.o
[153/275] Building C object _deps/sdl3-build/CMakeFiles/SDL3-static.dir/src/stdlib/SDL_strtokr.c.o
[154/275] Building C object _deps/sdl3-build/CMakeFiles/SDL3-static.dir/src/dynapi/SDL_dynapi.c.o
[155/275] Building C object _deps/sdl3-build/CMakeFiles/SDL3-static.dir/src/stdlib/SDL_stdlib.c.o
[156/275] Building C object _deps/sdl3-build/CMakeFiles/SDL3-static.dir/src/storage/SDL_storage.c.o
[157/275] Building C object _deps/sdl3-build/CMakeFiles/SDL3-static.dir/src/time/SDL_time.c.o
[158/275] Building C object _deps/sdl3-build/CMakeFiles/SDL3-static.dir/src/stdlib/SDL_string.c.o
[159/275] Building C object _deps/sdl3-build/CMakeFiles/SDL3-static.dir/src/thread/SDL_thread.c.o
[160/275] Building C object _deps/sdl3-build/CMakeFiles/SDL3-static.dir/src/timer/SDL_timer.c.o
[161/275] Building C object _deps/sdl3-build/CMakeFiles/SDL3-static.dir/src/video/SDL_RLEaccel.c.o
[162/275] Building C object _deps/sdl3-build/CMakeFiles/SDL3-static.dir/src/video/SDL_blit.c.o
[163/275] Building C object _deps/sdl3-build/CMakeFiles/SDL3-static.dir/src/video/SDL_blit_copy.c.o
[164/275] Building C object _deps/sdl3-build/CMakeFiles/SDL3-static.dir/src/video/SDL_blit_1.c.o
[165/275] Building C object _deps/sdl3-build/CMakeFiles/SDL3-static.dir/src/video/SDL_clipboard.c.o
[166/275] Building C object _deps/sdl3-build/CMakeFiles/SDL3-static.dir/src/video/SDL_bmp.c.o
[167/275] Building C object _deps/sdl3-build/CMakeFiles/SDL3-static.dir/src/video/SDL_blit_slow.c.o
[168/275] Building C object _deps/sdl3-build/CMakeFiles/SDL3-static.dir/src/video/SDL_blit_0.c.o
[169/275] Building C object _deps/sdl3-build/CMakeFiles/SDL3-static.dir/src/video/SDL_egl.c.o
[170/275] Building C object _deps/sdl3-build/CMakeFiles/SDL3-static.dir/src/video/SDL_fillrect.c.o
[171/275] Building C object _deps/sdl3-build/CMakeFiles/SDL3-static.dir/src/video/SDL_blit_A.c.o
[172/275] Building C object _deps/sdl3-build/CMakeFiles/SDL3-static.dir/src/video/SDL_blit_N.c.o
[173/275] Building C object _deps/sdl3-build/CMakeFiles/SDL3-static.dir/src/video/SDL_pixels.c.o
[174/275] Building C object _deps/sdl3-build/CMakeFiles/SDL3-static.dir/src/video/SDL_rect.c.o
[175/275] Building C object _deps/sdl3-build/CMakeFiles/SDL3-static.dir/src/video/SDL_rotate.c.o
[176/275] Building C object _deps/sdl3-build/CMakeFiles/SDL3-static.dir/src/video/SDL_video_unsupported.c.o
[177/275] Building C object _deps/sdl3-build/CMakeFiles/SDL3-static.dir/src/video/SDL_vulkan_utils.c.o
[178/275] Building C object _deps/sdl3-build/CMakeFiles/SDL3-static.dir/src/video/SDL_stretch.c.o
[179/275] Building C object _deps/sdl3-build/CMakeFiles/SDL3-static.dir/src/video/yuv2rgb/yuv_rgb_lsx.c.o
[180/275] Building C object _deps/sdl3-build/CMakeFiles/SDL3-static.dir/src/video/yuv2rgb/yuv_rgb_sse.c.o
[181/275] Building C object _deps/sdl3-build/CMakeFiles/SDL3-static.dir/src/video/SDL_yuv.c.o
[182/275] Building C object _deps/sdl3-build/CMakeFiles/SDL3-static.dir/src/video/yuv2rgb/yuv_rgb_std.c.o
[183/275] Building C object _deps/sdl3-build/CMakeFiles/SDL3-static.dir/src/libm/e_atan2.c.o
[184/275] Building C object _deps/sdl3-build/CMakeFiles/SDL3-static.dir/src/video/SDL_surface.c.o
[185/275] Building C object _deps/sdl3-build/CMakeFiles/SDL3-static.dir/src/libm/e_exp.c.o
[186/275] Building C object _deps/sdl3-build/CMakeFiles/SDL3-static.dir/src/libm/e_fmod.c.o
[187/275] Building C object _deps/sdl3-build/CMakeFiles/SDL3-static.dir/src/libm/e_log.c.o
[188/275] Building C object _deps/sdl3-build/CMakeFiles/SDL3-static.dir/src/libm/e_log10.c.o
[189/275] Building C object _deps/sdl3-build/CMakeFiles/SDL3-static.dir/src/video/SDL_stb.c.o
[190/275] Building C object _deps/sdl3-build/CMakeFiles/SDL3-static.dir/src/video/SDL_video.c.o
[191/275] Building C object _deps/sdl3-build/CMakeFiles/SDL3-static.dir/src/libm/e_rem_pio2.c.o
[192/275] Building C object _deps/sdl3-build/CMakeFiles/SDL3-static.dir/src/libm/e_pow.c.o
[193/275] Building C object _deps/sdl3-build/CMakeFiles/SDL3-static.dir/src/libm/e_sqrt.c.o
[194/275] Building C object _deps/sdl3-build/CMakeFiles/SDL3-static.dir/src/libm/k_cos.c.o
[195/275] Building C object _deps/sdl3-build/CMakeFiles/SDL3-static.dir/src/libm/k_sin.c.o
[196/275] Building C object _deps/sdl3-build/CMakeFiles/SDL3-static.dir/src/libm/k_rem_pio2.c.o
[197/275] Building C object _deps/sdl3-build/CMakeFiles/SDL3-static.dir/src/libm/k_tan.c.o
[198/275] Building C object _deps/sdl3-build/CMakeFiles/SDL3-static.dir/src/libm/s_atan.c.o
[199/275] Building C object _deps/sdl3-build/CMakeFiles/SDL3-static.dir/src/libm/s_cos.c.o
[200/275] Building C object _deps/sdl3-build/CMakeFiles/SDL3-static.dir/src/libm/s_fabs.c.o
[201/275] Building C object _deps/sdl3-build/CMakeFiles/SDL3-static.dir/src/libm/s_isinff.c.o
[202/275] Building C object _deps/sdl3-build/CMakeFiles/SDL3-static.dir/src/libm/s_copysign.c.o
[203/275] Building C object _deps/sdl3-build/CMakeFiles/SDL3-static.dir/src/libm/s_floor.c.o
[204/275] Building C object _deps/sdl3-build/CMakeFiles/SDL3-static.dir/src/libm/s_isinf.c.o
[205/275] Building C object _deps/sdl3-build/CMakeFiles/SDL3-static.dir/src/libm/s_isnanf.c.o
[206/275] Building C object _deps/sdl3-build/CMakeFiles/SDL3-static.dir/src/video/SDL_blit_auto.c.o
[207/275] Building C object _deps/sdl3-build/CMakeFiles/SDL3-static.dir/src/libm/s_isnan.c.o
[208/275] Building C object _deps/sdl3-build/CMakeFiles/SDL3-static.dir/src/libm/s_modf.c.o
[209/275] Building C object _deps/sdl3-build/CMakeFiles/SDL3-static.dir/src/libm/s_scalbn.c.o
[210/275] Building C object _deps/sdl3-build/CMakeFiles/SDL3-static.dir/src/loadso/dlopen/SDL_sysloadso.c.o
[211/275] Building C object _deps/sdl3-build/CMakeFiles/SDL3-static.dir/src/libm/s_sin.c.o
[212/275] Building C object _deps/sdl3-build/CMakeFiles/SDL3-static.dir/src/libm/s_tan.c.o
[213/275] Building C object _deps/sdl3-build/CMakeFiles/SDL3-static.dir/src/timer/unix/SDL_systimer.c.o
[214/275] Building C object _deps/sdl3-build/CMakeFiles/SDL3-static.dir/src/storage/generic/SDL_genericstorage.c.o
[215/275] Building C object _deps/sdl3-build/CMakeFiles/SDL3-static.dir/src/storage/steam/SDL_steamstorage.c.o
[216/275] Building C object _deps/sdl3-build/CMakeFiles/SDL3-static.dir/src/time/unix/SDL_systime.c.o
[217/275] Building C object _deps/sdl3-build/CMakeFiles/SDL3-static.dir/src/filesystem/posix/SDL_sysfsops.c.o
[218/275] Building OBJC object _deps/sdl3-build/CMakeFiles/SDL3-static.dir/src/filesystem/cocoa/SDL_sysfilesystem.m.o
[219/275] Building OBJC object _deps/sdl3-build/CMakeFiles/SDL3-static.dir/src/locale/macos/SDL_syslocale.m.o
[220/275] Building OBJC object _deps/sdl3-build/CMakeFiles/SDL3-static.dir/src/notification/cocoa/SDL_cocoanotification.m.o
[221/275] Building OBJC object _deps/sdl3-build/CMakeFiles/SDL3-static.dir/src/video/cocoa/SDL_cocoaopengl.m.o
[222/275] Building OBJC object _deps/sdl3-build/CMakeFiles/SDL3-static.dir/src/video/cocoa/SDL_cocoaopengles.m.o
[223/275] Building OBJC object _deps/sdl3-build/CMakeFiles/SDL3-static.dir/src/misc/macos/SDL_sysurl.m.o
[224/275] Building OBJC object _deps/sdl3-build/CMakeFiles/SDL3-static.dir/src/video/cocoa/SDL_cocoamessagebox.m.o
[225/275] Building OBJC object _deps/sdl3-build/CMakeFiles/SDL3-static.dir/src/video/cocoa/SDL_cocoametalview.m.o
[226/275] Building OBJC object _deps/sdl3-build/CMakeFiles/SDL3-static.dir/src/video/cocoa/SDL_cocoaevents.m.o
[227/275] Building OBJC object _deps/sdl3-build/CMakeFiles/SDL3-static.dir/src/video/cocoa/SDL_cocoamodes.m.o
[228/275] Building C object _deps/sdl3-build/CMakeFiles/SDL3-static.dir/src/thread/pthread/SDL_systhread.c.o
[229/275] Building OBJC object _deps/sdl3-build/CMakeFiles/SDL3-static.dir/src/video/cocoa/SDL_cocoaclipboard.m.o
[230/275] Building OBJC object _deps/sdl3-build/CMakeFiles/SDL3-static.dir/src/video/cocoa/SDL_cocoakeyboard.m.o
[231/275] Building OBJC object _deps/sdl3-build/CMakeFiles/SDL3-static.dir/src/video/cocoa/SDL_cocoavulkan.m.o
[232/275] Building OBJC object _deps/sdl3-build/CMakeFiles/SDL3-static.dir/src/video/cocoa/SDL_cocoamouse.m.o
[233/275] Building C object _deps/sdl3-build/CMakeFiles/SDL3-static.dir/src/thread/pthread/SDL_sysmutex.c.o
[234/275] Building C object _deps/sdl3-build/CMakeFiles/SDL3-static.dir/src/thread/pthread/SDL_syscond.c.o
[235/275] Building C object _deps/sdl3-build/CMakeFiles/SDL3-static.dir/src/thread/pthread/SDL_sysrwlock.c.o
[236/275] Building C object _deps/sdl3-build/CMakeFiles/SDL3-static.dir/src/thread/pthread/SDL_syssem.c.o
[237/275] Building C object _deps/sdl3-build/CMakeFiles/SDL3-static.dir/src/thread/pthread/SDL_systls.c.o
[238/275] Building C object _deps/sdl3-build/CMakeFiles/SDL3-static.dir/src/dialog/SDL_dialog.c.o
[239/275] Building C object _deps/sdl3-build/CMakeFiles/SDL3-static.dir/src/process/SDL_process.c.o
[240/275] Building C object _deps/sdl3-build/CMakeFiles/SDL3-static.dir/src/tray/SDL_tray_utils.c.o
[241/275] Building C object _deps/sdl3-build/CMakeFiles/SDL3-static.dir/src/process/posix/SDL_posixprocess.c.o
[242/275] Building C object _deps/sdl3-build/CMakeFiles/SDL3-static.dir/src/audio/dummy/SDL_dummyaudio.c.o
[243/275] Building C object _deps/sdl3-build/CMakeFiles/SDL3-static.dir/src/joystick/dummy/SDL_sysjoystick.c.o
[244/275] Building OBJC object _deps/sdl3-build/CMakeFiles/SDL3-static.dir/src/video/cocoa/SDL_cocoapen.m.o
[245/275] Building C object _deps/sdl3-build/CMakeFiles/SDL3-static.dir/src/haptic/dummy/SDL_syshaptic.c.o
[246/275] Building C object _deps/sdl3-build/CMakeFiles/SDL3-static.dir/src/sensor/dummy/SDL_dummysensor.c.o
[247/275] Building C object _deps/sdl3-build/CMakeFiles/SDL3-static.dir/src/dialog/dummy/SDL_dummydialog.c.o
[248/275] Building C object _deps/sdl3-build/CMakeFiles/SDL3-static.dir/src/tray/dummy/SDL_tray.c.o
[249/275] Building C object _deps/sdl3-build/CMakeFiles/SDL3-static.dir/src/camera/dummy/SDL_camera_dummy.c.o
[250/275] Building C object _deps/sdl3-build/CMakeFiles/SDL3-static.dir/src/main/generic/SDL_sysmain_callbacks.c.o
[251/275] Building OBJC object _deps/sdl3-build/CMakeFiles/SDL3-static.dir/src/video/cocoa/SDL_cocoashape.m.o
[252/275] Building OBJC object _deps/sdl3-build/CMakeFiles/SDL3-static.dir/src/video/cocoa/SDL_cocoavideo.m.o
[253/275] Building OBJC object _deps/sdl3-build/CMakeFiles/SDL3-static.dir/src/render/metal/SDL_render_metal.m.o
[254/275] Building CXX object CMakeFiles/m0_spike.dir/src/render_list.cpp.o
[255/275] Building OBJC object _deps/sdl3-build/CMakeFiles/SDL3-static.dir/src/video/cocoa/SDL_cocoawindow.m.o
[256/275] Building CXX object CMakeFiles/m0_spike.dir/src/native_handle.cpp.o
[257/275] Building CXX object CMakeFiles/m0_spike.dir/src/rasterizer.cpp.o
[258/275] Building CXX object CMakeFiles/m0_spike.dir/src/notation_renderer.cpp.o
[259/275] Building CXX object CMakeFiles/m0_spike.dir/src/graph_renderer.cpp.o
[260/275] Building CXX object CMakeFiles/m0_spike.dir/src/font_manager.cpp.o
[261/275] Linking C static library _deps/freetype-build/libfreetype.a
[262/275] Linking C static library _deps/sdl3-build/libSDL3.a
[263/275] Building CXX object CMakeFiles/m0_spike.dir/src/hit_test.cpp.o
[264/275] Building CXX object CMakeFiles/m0_spike.dir/src/main.cpp.o
[265/275] Building CXX object CMakeFiles/m0_spike.dir/src/input_logger.cpp.o
[266/275] Building CXX object CMakeFiles/m0_spike.dir/src/app.cpp.o
[267/275] Building CXX object CMakeFiles/m0_spike.dir/src/semantic_tree.cpp.o
[268/275] Building CXX object CMakeFiles/m0_spike.dir/src/accessibility_report.cpp.o
[269/275] Building CXX object CMakeFiles/m0_spike.dir/src/viewport_event_handler.cpp.o
[270/275] Building CXX object CMakeFiles/m0_spike.dir/src/accessibility_bridge_mac.mm.o
[271/275] Building CXX object CMakeFiles/m0_spike.dir/src/self_test.cpp.o
[272/275] Building CXX object _deps/harfbuzz-build/CMakeFiles/harfbuzz.dir/src/harfbuzz.cc.o
[273/275] Linking C static library _deps/harfbuzz-build/libharfbuzz.a
[274/275] Linking CXX executable m0_spike
